<?xml version="1.0" encoding="UTF-8"?>
<testng-results skipped="0" failed="0" total="1" passed="1">
  <reporter-output>
  </reporter-output>
  <suite name="Default suite" duration-ms="31178" started-at="2016-11-02T08:37:09Z" finished-at="2016-11-02T08:37:40Z">
    <groups>
    </groups>
    <test name="Default test" duration-ms="31178" started-at="2016-11-02T08:37:09Z" finished-at="2016-11-02T08:37:40Z">
      <class name="com.project.pages.test.RodanAndFieldsTest">
        <test-method status="PASS" signature="beforeMethod()[pri:0, instance:com.project.pages.test.RodanAndFieldsTest@20e2cbe0]" name="beforeMethod" is-config="true" duration-ms="11846" started-at="2016-11-02T14:07:09Z" finished-at="2016-11-02T14:07:21Z">
          <reporter-output>
          </reporter-output>
        </test-method> <!-- beforeMethod -->
        <test-method status="PASS" signature="gotoShopSkincare()[pri:0, instance:com.project.pages.test.RodanAndFieldsTest@20e2cbe0]" name="gotoShopSkincare" duration-ms="18617" started-at="2016-11-02T14:07:21Z" finished-at="2016-11-02T14:07:39Z">
          <reporter-output>
          </reporter-output>
        </test-method> <!-- gotoShopSkincare -->
        <test-method status="PASS" signature="afterMethod()[pri:0, instance:com.project.pages.test.RodanAndFieldsTest@20e2cbe0]" name="afterMethod" is-config="true" duration-ms="695" started-at="2016-11-02T14:07:39Z" finished-at="2016-11-02T14:07:40Z">
          <reporter-output>
          </reporter-output>
        </test-method> <!-- afterMethod -->
      </class> <!-- com.project.pages.test.RodanAndFieldsTest -->
    </test> <!-- Default test -->
  </suite> <!-- Default suite -->
</testng-results>
